2022/02/23 22:06:10 SELECT *  FROM ads  WHERE active="1" ORDER BY views DESC  LIMIT 5
2022/02/23 22:06:10 SELECT *  FROM ads  WHERE id="14"
2022/02/23 22:06:10 SELECT *  FROM ads  WHERE id="10"
2022/02/23 22:06:10 SELECT *  FROM ads  WHERE id="11"
2022/02/23 22:06:10 SELECT *  FROM ads  WHERE id="13"
2022/02/23 22:06:10 SELECT *  FROM ads  WHERE active="1" ORDER BY id DESC  LIMIT 5
2022/02/23 22:06:10 SELECT *  FROM ads  WHERE id="14"
2022/02/23 22:06:10 SELECT *  FROM ads  WHERE id="13"
2022/02/23 22:06:11 SELECT *  FROM ads  WHERE id="11"
2022/02/23 22:06:11 SELECT *  FROM ads  WHERE id="10"
2022/02/23 22:06:15 SELECT id  FROM users  WHERE email="diena@in.lt" AND password="25d55ad283aa400af464c76d713c07ad" AND active="1"
2022/02/23 22:06:15 SELECT *  FROM users  WHERE id="1"
2022/02/23 22:06:15 SELECT *  FROM cities  WHERE id="4"
2022/02/23 22:06:15 SELECT *  FROM ads  WHERE active="1" ORDER BY views DESC  LIMIT 5
2022/02/23 22:06:15 SELECT *  FROM ads  WHERE id="14"
2022/02/23 22:06:15 SELECT *  FROM ads  WHERE id="10"
2022/02/23 22:06:15 SELECT *  FROM ads  WHERE id="11"
2022/02/23 22:06:15 SELECT *  FROM ads  WHERE id="13"
2022/02/23 22:06:15 SELECT *  FROM ads  WHERE active="1" ORDER BY id DESC  LIMIT 5
2022/02/23 22:06:15 SELECT *  FROM ads  WHERE id="14"
2022/02/23 22:06:15 SELECT *  FROM ads  WHERE id="13"
2022/02/23 22:06:15 SELECT *  FROM ads  WHERE id="11"
2022/02/23 22:06:15 SELECT *  FROM ads  WHERE id="10"
2022/02/23 22:06:15 SELECT *  FROM users  WHERE id="1"
2022/02/23 22:06:16 SELECT *  FROM cities  WHERE id="4"
2022/02/23 22:06:18 SELECT *  FROM users  WHERE id="1"
2022/02/23 22:06:18 SELECT *  FROM cities  WHERE id="4"
2022/02/23 22:06:19 SELECT *  FROM users  WHERE id="1"
2022/02/23 22:06:19 SELECT *  FROM cities  WHERE id="4"
2022/02/23 22:06:19 SELECT *  FROM ads  WHERE active="1"
2022/02/23 22:06:19 SELECT *  FROM ads  WHERE id="10"
2022/02/23 22:06:19 SELECT *  FROM ads  WHERE id="11"
2022/02/23 22:06:19 SELECT *  FROM ads  WHERE id="13"
2022/02/23 22:06:19 SELECT *  FROM ads  WHERE id="14"
2022/02/23 22:06:23 SELECT *  FROM ads  WHERE active="1" ORDER BY views DESC  LIMIT 5
2022/02/23 22:06:23 SELECT *  FROM ads  WHERE id="14"
2022/02/23 22:06:23 SELECT *  FROM ads  WHERE id="10"
2022/02/23 22:06:23 SELECT *  FROM ads  WHERE id="11"
2022/02/23 22:06:23 SELECT *  FROM ads  WHERE id="13"
2022/02/23 22:06:23 SELECT *  FROM ads  WHERE active="1" ORDER BY id DESC  LIMIT 5
2022/02/23 22:06:23 SELECT *  FROM ads  WHERE id="14"
2022/02/23 22:06:23 SELECT *  FROM ads  WHERE id="13"
2022/02/23 22:06:23 SELECT *  FROM ads  WHERE id="11"
2022/02/23 22:06:23 SELECT *  FROM ads  WHERE id="10"
2022/02/23 22:06:23 SELECT *  FROM users  WHERE id="1"
2022/02/23 22:06:23 SELECT *  FROM cities  WHERE id="4"
2022/02/23 22:06:27 SELECT *  FROM users  WHERE id="1"
2022/02/23 22:06:27 SELECT *  FROM cities  WHERE id="4"
2022/02/23 22:06:29 SELECT *  FROM users  WHERE id="1"
2022/02/23 22:06:29 SELECT *  FROM cities  WHERE id="4"
2022/02/23 22:06:29 SELECT *  FROM ads  WHERE active="1"
2022/02/23 22:06:29 SELECT *  FROM ads  WHERE id="10"
2022/02/23 22:06:29 SELECT *  FROM ads  WHERE id="11"
2022/02/23 22:06:29 SELECT *  FROM ads  WHERE id="13"
2022/02/23 22:06:29 SELECT *  FROM ads  WHERE id="14"
2022/02/23 22:06:31 SELECT *  FROM users  WHERE id="1"
2022/02/23 22:06:31 SELECT *  FROM cities  WHERE id="4"
2022/02/23 22:06:31 SELECT id  FROM users 
2022/02/23 22:06:31 SELECT *  FROM users  WHERE id="1"
2022/02/23 22:06:31 SELECT *  FROM cities  WHERE id="4"
2022/02/23 22:06:37 SELECT *  FROM users  WHERE id="1"
2022/02/23 22:06:37 SELECT *  FROM cities  WHERE id="4"
2022/02/23 22:06:37 SELECT *  FROM ads  WHERE active="1"
2022/02/23 22:06:37 SELECT *  FROM ads  WHERE id="10"
2022/02/23 22:06:37 SELECT *  FROM ads  WHERE id="11"
2022/02/23 22:06:37 SELECT *  FROM ads  WHERE id="13"
2022/02/23 22:06:37 SELECT *  FROM ads  WHERE id="14"
2022/02/23 22:06:42 SELECT *  FROM users  WHERE id="1"
2022/02/23 22:06:42 SELECT *  FROM cities  WHERE id="4"
2022/02/23 22:06:42 SELECT id  FROM users 
2022/02/23 22:06:42 SELECT *  FROM users  WHERE id="1"
2022/02/23 22:06:42 SELECT *  FROM cities  WHERE id="4"
2022/02/23 22:06:44 SELECT *  FROM users  WHERE id="1"
2022/02/23 22:06:44 SELECT *  FROM cities  WHERE id="4"
2022/02/23 22:06:44 SELECT *  FROM ads  WHERE active="1"
2022/02/23 22:06:44 SELECT *  FROM ads  WHERE id="10"
2022/02/23 22:06:44 SELECT *  FROM ads  WHERE id="11"
2022/02/23 22:06:44 SELECT *  FROM ads  WHERE id="13"
2022/02/23 22:06:44 SELECT *  FROM ads  WHERE id="14"
2022/02/23 22:16:07 SELECT *  FROM users  WHERE id="1"
2022/02/23 22:16:07 SELECT *  FROM cities  WHERE id="4"
2022/02/23 22:16:07 SELECT id  FROM users 
2022/02/23 22:16:07 SELECT *  FROM users  WHERE id="1"
2022/02/23 22:16:07 SELECT *  FROM cities  WHERE id="4"
2022/02/23 22:16:14 SELECT *  FROM users  WHERE id="1"
2022/02/23 22:16:14 SELECT *  FROM cities  WHERE id="4"
2022/02/23 22:16:14 SELECT id  FROM users 
2022/02/23 22:16:14 SELECT *  FROM users  WHERE id="1"
2022/02/23 22:16:14 SELECT *  FROM cities  WHERE id="4"
2022/02/23 22:16:53 SELECT *  FROM users  WHERE id="1"
2022/02/23 22:16:53 SELECT *  FROM cities  WHERE id="4"
2022/02/23 22:16:53 SELECT *  FROM ads  WHERE active="1"
2022/02/23 22:16:53 SELECT *  FROM ads  WHERE id="10"
2022/02/23 22:16:53 SELECT *  FROM ads  WHERE id="11"
2022/02/23 22:16:53 SELECT *  FROM ads  WHERE id="13"
2022/02/23 22:16:53 SELECT *  FROM ads  WHERE id="14"
2022/02/23 22:16:56 SELECT *  FROM users  WHERE id="1"
2022/02/23 22:16:56 SELECT *  FROM cities  WHERE id="4"
2022/02/23 22:16:56 SELECT *  FROM ads  WHERE id="11"
2022/02/23 22:17:07 SELECT *  FROM users  WHERE id="1"
2022/02/23 22:17:07 SELECT *  FROM cities  WHERE id="4"
2022/02/23 22:17:07 SELECT *  FROM ads  WHERE id="11"
2022/02/23 22:17:07 UPDATE ads SET title = 'Mercedes-Benz 10',description = 'senesne',manufacturer_id = '1',model_id = '1',price = '20001',year = '1909',type_id = '1',user_id = '1',image = 'https://blogmedia.dealerfire.com/wp-content/uploads/sites/321/2019/10/1939-Mercedes-Benz-320_o.jpg',active = '1',slug = 'mercedes-benz',vin = '',views = '' WHERE id="11"
2022/02/23 22:17:14 SELECT *  FROM users  WHERE id="1"
2022/02/23 22:17:14 SELECT *  FROM cities  WHERE id="4"
2022/02/23 22:17:14 SELECT *  FROM ads  WHERE id="11"
2022/02/23 22:19:11 SELECT *  FROM users  WHERE id="1"
2022/02/23 22:19:11 SELECT *  FROM cities  WHERE id="4"
2022/02/23 22:19:11 SELECT *  FROM ads  WHERE id="11"
2022/02/23 22:19:11 UPDATE ads SET title = 'Mercedes-Benz',description = 'senesne',manufacturer_id = '1',model_id = '1',price = '20001',year = '1909',type_id = '1',user_id = '1',image = 'https://blogmedia.dealerfire.com/wp-content/uploads/sites/321/2019/10/1939-Mercedes-Benz-320_o.jpg',active = '0',slug = 'mercedes-benz',vin = '',views = '' WHERE id="11"
2022/02/23 22:23:20 SELECT *  FROM users  WHERE id="1"
2022/02/23 22:23:20 SELECT *  FROM cities  WHERE id="4"
2022/02/23 22:23:20 SELECT *  FROM ads  WHERE id="11"
2022/02/24 19:38:30 SELECT id  FROM users  WHERE email="diena@in.lt" AND password="25d55ad283aa400af464c76d713c07ad" AND active="1"
2022/02/24 19:38:30 SELECT *  FROM users  WHERE id="1"
2022/02/24 19:38:30 SELECT *  FROM cities  WHERE id="4"
2022/02/24 19:38:30 SELECT *  FROM ads  WHERE active="1" ORDER BY views DESC  LIMIT 5
2022/02/24 19:38:30 SELECT *  FROM ads  WHERE id="14"
2022/02/24 19:38:30 SELECT *  FROM ads  WHERE id="10"
2022/02/24 19:38:30 SELECT *  FROM ads  WHERE id="11"
2022/02/24 19:38:30 SELECT *  FROM ads  WHERE id="13"
2022/02/24 19:38:30 SELECT *  FROM ads  WHERE active="1" ORDER BY id DESC  LIMIT 5
2022/02/24 19:38:30 SELECT *  FROM ads  WHERE id="14"
2022/02/24 19:38:30 SELECT *  FROM ads  WHERE id="13"
2022/02/24 19:38:30 SELECT *  FROM ads  WHERE id="11"
2022/02/24 19:38:30 SELECT *  FROM ads  WHERE id="10"
2022/02/24 19:38:30 SELECT *  FROM users  WHERE id="1"
2022/02/24 19:38:30 SELECT *  FROM cities  WHERE id="4"
2022/02/24 19:38:32 SELECT *  FROM users  WHERE id="1"
2022/02/24 19:38:32 SELECT *  FROM cities  WHERE id="4"
2022/02/24 19:38:34 SELECT *  FROM users  WHERE id="1"
2022/02/24 19:38:34 SELECT *  FROM cities  WHERE id="4"
2022/02/24 19:38:34 SELECT *  FROM ads  WHERE active="1"
2022/02/24 19:38:34 SELECT *  FROM ads  WHERE id="10"
2022/02/24 19:38:34 SELECT *  FROM ads  WHERE id="11"
2022/02/24 19:38:34 SELECT *  FROM ads  WHERE id="13"
2022/02/24 19:38:34 SELECT *  FROM ads  WHERE id="14"
2022/02/24 19:38:55 SELECT *  FROM users  WHERE id="1"
2022/02/24 19:38:55 SELECT *  FROM cities  WHERE id="4"
2022/02/24 19:38:55 SELECT *  FROM ads  WHERE id="11"
2022/02/24 19:39:02 SELECT *  FROM users  WHERE id="1"
2022/02/24 19:39:02 SELECT *  FROM cities  WHERE id="4"
2022/02/24 19:39:02 SELECT *  FROM ads  WHERE id="11"
2022/02/24 19:39:02 UPDATE ads SET title = 'Mercedes-Benzzzzz',description = 'senesne',manufacturer_id = '1',model_id = '1',price = '20001',year = '1909',type_id = '1',user_id = '1',image = 'https://blogmedia.dealerfire.com/wp-content/uploads/sites/321/2019/10/1939-Mercedes-Benz-320_o.jpg',active = '1',slug = 'mercedes-benz',vin = '',views = '' WHERE id="11"
2022/02/24 20:21:20 SELECT *  FROM ads  WHERE active="1" ORDER BY views DESC  LIMIT 5
2022/02/24 20:21:20 SELECT *  FROM ads  WHERE id="14"
2022/02/24 20:21:20 SELECT *  FROM ads  WHERE id="10"
2022/02/24 20:21:20 SELECT *  FROM ads  WHERE id="11"
2022/02/24 20:21:20 SELECT *  FROM ads  WHERE id="13"
2022/02/24 20:21:20 SELECT *  FROM ads  WHERE active="1" ORDER BY id DESC  LIMIT 5
2022/02/24 20:21:20 SELECT *  FROM ads  WHERE id="14"
2022/02/24 20:21:20 SELECT *  FROM ads  WHERE id="13"
2022/02/24 20:21:20 SELECT *  FROM ads  WHERE id="11"
2022/02/24 20:21:20 SELECT *  FROM ads  WHERE id="10"
2022/02/24 20:21:26 SELECT id  FROM users  WHERE email="diena@in.lt" AND password="25d55ad283aa400af464c76d713c07ad" AND active="1"
2022/02/24 20:21:26 SELECT *  FROM users  WHERE id="1"
2022/02/24 20:21:26 SELECT *  FROM cities  WHERE id="4"
2022/02/24 20:21:26 SELECT *  FROM ads  WHERE active="1" ORDER BY views DESC  LIMIT 5
2022/02/24 20:21:26 SELECT *  FROM ads  WHERE id="14"
2022/02/24 20:21:26 SELECT *  FROM ads  WHERE id="10"
2022/02/24 20:21:26 SELECT *  FROM ads  WHERE id="11"
2022/02/24 20:21:26 SELECT *  FROM ads  WHERE id="13"
2022/02/24 20:21:26 SELECT *  FROM ads  WHERE active="1" ORDER BY id DESC  LIMIT 5
2022/02/24 20:21:26 SELECT *  FROM ads  WHERE id="14"
2022/02/24 20:21:26 SELECT *  FROM ads  WHERE id="13"
2022/02/24 20:21:26 SELECT *  FROM ads  WHERE id="11"
2022/02/24 20:21:26 SELECT *  FROM ads  WHERE id="10"
2022/02/24 20:21:26 SELECT *  FROM users  WHERE id="1"
2022/02/24 20:21:26 SELECT *  FROM cities  WHERE id="4"
2022/02/24 20:21:31 SELECT *  FROM users  WHERE id="1"
2022/02/24 20:21:31 SELECT *  FROM cities  WHERE id="4"
2022/02/24 20:21:35 SELECT *  FROM users  WHERE id="1"
2022/02/24 20:21:35 SELECT *  FROM cities  WHERE id="4"
2022/02/24 20:21:35 SELECT *  FROM ads  WHERE active="1"
2022/02/24 20:21:35 SELECT *  FROM ads  WHERE id="10"
2022/02/24 20:21:35 SELECT *  FROM ads  WHERE id="11"
2022/02/24 20:21:35 SELECT *  FROM ads  WHERE id="13"
2022/02/24 20:21:35 SELECT *  FROM ads  WHERE id="14"
2022/02/24 20:21:38 SELECT *  FROM users  WHERE id="1"
2022/02/24 20:21:38 SELECT *  FROM cities  WHERE id="4"
2022/02/24 20:21:38 SELECT *  FROM ads  WHERE id="14"
2022/02/24 20:21:49 SELECT *  FROM users  WHERE id="1"
2022/02/24 20:21:49 SELECT *  FROM cities  WHERE id="4"
2022/02/24 20:21:49 SELECT *  FROM ads  WHERE id="14"
2022/02/24 20:21:49 UPDATE ads SET title = 'Golf1',description = 'Aprasymas geras bbbb',manufacturer_id = '1',model_id = '1',price = '150000',year = '1975',type_id = '1',user_id = '1',image = 'https://www.zaisluplaneta.lt/media/cache/product_details_hd_size/catalog/f/3/f/b/f3fbaa0cd5b6f7fa05ac798fff4cae701d6c6056_1.jpg',active = '1',slug = 'golf1',vin = '111111',views = '1' WHERE id="14"
2022/02/24 20:21:49 SELECT *  FROM users  WHERE id="1"
2022/02/24 20:21:49 SELECT *  FROM cities  WHERE id="4"
2022/02/24 20:21:49 SELECT *  FROM ads  WHERE active="1"
2022/02/24 20:21:49 SELECT *  FROM ads  WHERE id="10"
2022/02/24 20:21:49 SELECT *  FROM ads  WHERE id="11"
2022/02/24 20:21:49 SELECT *  FROM ads  WHERE id="13"
2022/02/24 20:21:49 SELECT *  FROM ads  WHERE id="14"
2022/02/24 20:25:14 SELECT *  FROM ads  WHERE active="1" ORDER BY views DESC  LIMIT 5
2022/02/24 20:25:14 SELECT *  FROM ads  WHERE id="10"
2022/02/24 20:25:14 SELECT *  FROM ads  WHERE id="11"
2022/02/24 20:25:14 SELECT *  FROM ads  WHERE id="14"
2022/02/24 20:25:14 SELECT *  FROM ads  WHERE id="13"
2022/02/24 20:25:14 SELECT *  FROM ads  WHERE active="1" ORDER BY id DESC  LIMIT 5
2022/02/24 20:25:14 SELECT *  FROM ads  WHERE id="14"
2022/02/24 20:25:14 SELECT *  FROM ads  WHERE id="13"
2022/02/24 20:25:14 SELECT *  FROM ads  WHERE id="11"
2022/02/24 20:25:14 SELECT *  FROM ads  WHERE id="10"
2022/02/24 20:25:14 SELECT *  FROM users  WHERE id="1"
2022/02/24 20:25:14 SELECT *  FROM cities  WHERE id="4"
2022/02/24 20:28:09 SELECT *  FROM users  WHERE id="1"
2022/02/24 20:28:09 SELECT *  FROM cities  WHERE id="4"
2022/02/24 20:28:12 SELECT count(*)  FROM ads  WHERE active="1"
2022/02/24 20:28:12 SELECT *  FROM ads  WHERE active="1" LIMIT 2
2022/02/24 20:28:12 SELECT *  FROM ads  WHERE id="10"
2022/02/24 20:28:12 SELECT *  FROM ads  WHERE id="11"
2022/02/24 20:28:12 SELECT *  FROM users  WHERE id="1"
2022/02/24 20:28:12 SELECT *  FROM cities  WHERE id="4"
2022/02/24 20:28:29 SELECT count(*)  FROM ads  WHERE active="1"
2022/02/24 20:28:29 SELECT *  FROM ads  WHERE active="1" LIMIT 2
2022/02/24 20:28:29 SELECT *  FROM ads  WHERE id="10"
2022/02/24 20:28:29 SELECT *  FROM ads  WHERE id="11"
2022/02/24 20:28:37 SELECT *  FROM cities 
2022/02/24 20:28:37 SELECT *  FROM cities  WHERE id="1"
2022/02/24 20:28:37 SELECT *  FROM cities  WHERE id="2"
2022/02/24 20:28:37 SELECT *  FROM cities  WHERE id="3"
2022/02/24 20:28:37 SELECT *  FROM cities  WHERE id="4"
2022/02/24 20:28:37 SELECT *  FROM cities  WHERE id="5"
2022/02/24 20:30:11 SELECT *  FROM users  WHERE email="nauris@in.lt"
2022/02/24 20:30:11 INSERT INTO  (name,last_name,email,password,phone,city_id,active,role_id)
             VALUES ("Nauris","Ciornousovas","nauris@in.lt","25d55ad283aa400af464c76d713c07ad","+37000000001","2","1","0")
2022/02/24 20:38:39 SELECT *  FROM users  WHERE email="nauris@in.lt"
2022/02/24 20:38:39 INSERT INTO  (name,last_name,email,password,phone,city_id,active,role_id)
             VALUES ("Nauris","Ciornousovas","nauris@in.lt","25d55ad283aa400af464c76d713c07ad","+37000000001","2","1","0")
2022/02/24 20:38:54 SELECT *  FROM cities 
2022/02/24 20:38:54 SELECT *  FROM cities  WHERE id="1"
2022/02/24 20:38:54 SELECT *  FROM cities  WHERE id="2"
2022/02/24 20:38:54 SELECT *  FROM cities  WHERE id="3"
2022/02/24 20:38:54 SELECT *  FROM cities  WHERE id="4"
2022/02/24 20:38:54 SELECT *  FROM cities  WHERE id="5"
2022/02/24 20:39:27 SELECT *  FROM users  WHERE email="jhjh@kglfdgjfk"
2022/02/24 20:39:27 INSERT INTO  (name,last_name,email,password,phone,city_id,active,role_id)
             VALUES ("fjfjfhj","fhjhfjfhjfhjh753753","jhjh@kglfdgjfk","b9c6e016fb8bf665bb344a217150fa69","5343453434","2","1","0")
2022/02/24 21:38:25 SELECT *  FROM cities 
2022/02/24 21:38:25 SELECT *  FROM cities  WHERE id="1"
2022/02/24 21:38:25 SELECT *  FROM cities  WHERE id="2"
2022/02/24 21:38:25 SELECT *  FROM cities  WHERE id="3"
2022/02/24 21:38:25 SELECT *  FROM cities  WHERE id="4"
2022/02/24 21:38:25 SELECT *  FROM cities  WHERE id="5"
2022/02/24 21:40:41 SELECT *  FROM users  WHERE email="jjjjjjj@lll"
2022/02/24 21:40:41 INSERT INTO  (name,last_name,email,password,phone,city_id,active,role_id)
             VALUES ("kkkkk","kkkkkkkkkkkkk","jjjjjjj@lll","25f9e794323b453885f5181f1b624d0b","444444444444","1","1","0")
2022/02/24 21:41:50 SELECT *  FROM cities 
2022/02/24 21:41:50 SELECT *  FROM cities  WHERE id="1"
2022/02/24 21:41:50 SELECT *  FROM cities  WHERE id="2"
2022/02/24 21:41:50 SELECT *  FROM cities  WHERE id="3"
2022/02/24 21:41:50 SELECT *  FROM cities  WHERE id="4"
2022/02/24 21:41:50 SELECT *  FROM cities  WHERE id="5"
2022/02/24 21:42:59 SELECT *  FROM users  WHERE email="kkkk@lk"
2022/02/24 21:42:59 INSERT INTO  (name,last_name,email,password,phone,city_id,active,role_id)
             VALUES ("onp;","noionl","kkkk@lk","202cb962ac59075b964b07152d234b70","niolin","1","1","0")
2022/02/24 21:43:53 SELECT *  FROM cities 
2022/02/24 21:43:53 SELECT *  FROM cities  WHERE id="1"
2022/02/24 21:43:53 SELECT *  FROM cities  WHERE id="2"
2022/02/24 21:43:53 SELECT *  FROM cities  WHERE id="3"
2022/02/24 21:43:53 SELECT *  FROM cities  WHERE id="4"
2022/02/24 21:43:53 SELECT *  FROM cities  WHERE id="5"
2022/02/24 21:43:56 SELECT count(*)  FROM ads  WHERE active="1"
2022/02/24 21:43:56 SELECT *  FROM ads  WHERE active="1" LIMIT 2
2022/02/24 21:43:56 SELECT *  FROM ads  WHERE id="10"
2022/02/24 21:43:56 SELECT *  FROM ads  WHERE id="11"
2022/02/24 21:43:59 SELECT *  FROM ads  WHERE slug="mercedes-benz"
2022/02/24 21:43:59 SELECT *  FROM ads  WHERE id="11"
2022/02/24 21:43:59 UPDATE ads SET title = 'Mercedes-Benz',description = 'senesne',manufacturer_id = '1',model_id = '1',price = '20001',year = '1909',type_id = '1',user_id = '1',image = 'https://blogmedia.dealerfire.com/wp-content/uploads/sites/321/2019/10/1939-Mercedes-Benz-320_o.jpg',active = '1',slug = 'mercedes-benz',vin = '182828288',views = '2' WHERE id="11"
2022/02/24 21:44:06 SELECT count(*)  FROM ads  WHERE active="1"
2022/02/24 21:44:06 SELECT *  FROM ads  WHERE active="1" LIMIT 2
2022/02/24 21:44:06 SELECT *  FROM ads  WHERE id="10"
2022/02/24 21:44:06 SELECT *  FROM ads  WHERE id="11"
2022/02/24 21:44:08 SELECT *  FROM ads  WHERE slug="audi 10"
2022/02/24 21:44:08 SELECT *  FROM ads  WHERE id="10"
2022/02/24 21:44:08 UPDATE ads SET title = 'audi 10',description = 'sena',manufacturer_id = '1',model_id = '1',price = '2000',year = '1990',type_id = '1',user_id = '1',image = 'https://cdn.webshopapp.com/shops/28703/files/258948026/ww-i-audi-10-28-ps.jpg',active = '1',slug = 'audi 10',vin = '1122222222',views = '2' WHERE id="10"
2022/02/24 21:44:10 SELECT count(*)  FROM ads  WHERE active="1"
2022/02/24 21:44:10 SELECT *  FROM ads  WHERE active="1" LIMIT 2
2022/02/24 21:44:10 SELECT *  FROM ads  WHERE id="10"
2022/02/24 21:44:10 SELECT *  FROM ads  WHERE id="11"
2022/02/24 21:44:11 SELECT *  FROM ads  WHERE slug="mercedes-benz"
2022/02/24 21:44:11 SELECT *  FROM ads  WHERE id="11"
2022/02/24 21:44:11 UPDATE ads SET title = 'Mercedes-Benz',description = 'senesne',manufacturer_id = '1',model_id = '1',price = '20001',year = '1909',type_id = '1',user_id = '1',image = 'https://blogmedia.dealerfire.com/wp-content/uploads/sites/321/2019/10/1939-Mercedes-Benz-320_o.jpg',active = '1',slug = 'mercedes-benz',vin = '182828288',views = '3' WHERE id="11"
2022/02/24 21:44:13 SELECT count(*)  FROM ads  WHERE active="1"
2022/02/24 21:44:13 SELECT *  FROM ads  WHERE active="1" LIMIT 2
2022/02/24 21:44:13 SELECT *  FROM ads  WHERE id="10"
2022/02/24 21:44:13 SELECT *  FROM ads  WHERE id="11"
2022/02/24 21:44:14 SELECT *  FROM ads  WHERE slug="audi 10"
2022/02/24 21:44:14 SELECT *  FROM ads  WHERE id="10"
2022/02/24 21:44:14 UPDATE ads SET title = 'audi 10',description = 'sena',manufacturer_id = '1',model_id = '1',price = '2000',year = '1990',type_id = '1',user_id = '1',image = 'https://cdn.webshopapp.com/shops/28703/files/258948026/ww-i-audi-10-28-ps.jpg',active = '1',slug = 'audi 10',vin = '1122222222',views = '3' WHERE id="10"
2022/02/24 21:44:17 SELECT count(*)  FROM ads  WHERE active="1"
2022/02/24 21:44:17 SELECT *  FROM ads  WHERE active="1" LIMIT 2
2022/02/24 21:44:17 SELECT *  FROM ads  WHERE id="10"
2022/02/24 21:44:17 SELECT *  FROM ads  WHERE id="11"
2022/02/24 21:44:18 SELECT *  FROM ads  WHERE slug="mercedes-benz"
2022/02/24 21:44:18 SELECT *  FROM ads  WHERE id="11"
2022/02/24 21:44:18 UPDATE ads SET title = 'Mercedes-Benz',description = 'senesne',manufacturer_id = '1',model_id = '1',price = '20001',year = '1909',type_id = '1',user_id = '1',image = 'https://blogmedia.dealerfire.com/wp-content/uploads/sites/321/2019/10/1939-Mercedes-Benz-320_o.jpg',active = '1',slug = 'mercedes-benz',vin = '182828288',views = '4' WHERE id="11"
2022/02/24 21:44:20 SELECT count(*)  FROM ads  WHERE active="1"
2022/02/24 21:44:20 SELECT *  FROM ads  WHERE active="1" LIMIT 2
2022/02/24 21:44:20 SELECT *  FROM ads  WHERE id="10"
2022/02/24 21:44:20 SELECT *  FROM ads  WHERE id="11"
2022/02/24 21:44:22 SELECT *  FROM ads  WHERE slug="audi 10"
2022/02/24 21:44:22 SELECT *  FROM ads  WHERE id="10"
2022/02/24 21:44:22 UPDATE ads SET title = 'audi 10',description = 'sena',manufacturer_id = '1',model_id = '1',price = '2000',year = '1990',type_id = '1',user_id = '1',image = 'https://cdn.webshopapp.com/shops/28703/files/258948026/ww-i-audi-10-28-ps.jpg',active = '1',slug = 'audi 10',vin = '1122222222',views = '4' WHERE id="10"
2022/02/24 21:44:24 SELECT count(*)  FROM ads  WHERE active="1"
2022/02/24 21:44:24 SELECT *  FROM ads  WHERE active="1" LIMIT 2
2022/02/24 21:44:24 SELECT *  FROM ads  WHERE id="10"
2022/02/24 21:44:24 SELECT *  FROM ads  WHERE id="11"
2022/02/24 21:44:29 SELECT *  FROM cities 
2022/02/24 21:44:29 SELECT *  FROM cities  WHERE id="1"
2022/02/24 21:44:29 SELECT *  FROM cities  WHERE id="2"
2022/02/24 21:44:29 SELECT *  FROM cities  WHERE id="3"
2022/02/24 21:44:29 SELECT *  FROM cities  WHERE id="4"
2022/02/24 21:44:29 SELECT *  FROM cities  WHERE id="5"
2022/02/24 21:44:39 SELECT id  FROM users  WHERE email="diena@in.lt" AND password="25d55ad283aa400af464c76d713c07ad" AND active="1"
2022/02/24 21:44:39 SELECT *  FROM users  WHERE id="1"
2022/02/24 21:44:39 SELECT *  FROM cities  WHERE id="4"
2022/02/24 21:44:39 SELECT *  FROM ads  WHERE active="1" ORDER BY views DESC  LIMIT 5
2022/02/24 21:44:39 SELECT *  FROM ads  WHERE id="10"
2022/02/24 21:44:39 SELECT *  FROM ads  WHERE id="11"
2022/02/24 21:44:39 SELECT *  FROM ads  WHERE id="14"
2022/02/24 21:44:39 SELECT *  FROM ads  WHERE id="13"
2022/02/24 21:44:39 SELECT *  FROM ads  WHERE active="1" ORDER BY id DESC  LIMIT 5
2022/02/24 21:44:39 SELECT *  FROM ads  WHERE id="14"
2022/02/24 21:44:39 SELECT *  FROM ads  WHERE id="13"
2022/02/24 21:44:39 SELECT *  FROM ads  WHERE id="11"
2022/02/24 21:44:39 SELECT *  FROM ads  WHERE id="10"
2022/02/24 21:44:39 SELECT *  FROM users  WHERE id="1"
2022/02/24 21:44:39 SELECT *  FROM cities  WHERE id="4"
2022/02/24 21:44:52 SELECT *  FROM users  WHERE id="1"
2022/02/24 21:44:52 SELECT *  FROM cities  WHERE id="4"
2022/02/24 21:44:54 SELECT *  FROM users  WHERE id="1"
2022/02/24 21:44:54 SELECT *  FROM cities  WHERE id="4"
2022/02/24 21:44:54 SELECT *  FROM ads  WHERE active="1"
2022/02/24 21:44:54 SELECT *  FROM ads  WHERE id="10"
2022/02/24 21:44:54 SELECT *  FROM ads  WHERE id="11"
2022/02/24 21:44:54 SELECT *  FROM ads  WHERE id="13"
2022/02/24 21:44:54 SELECT *  FROM ads  WHERE id="14"
2022/02/24 21:45:14 SELECT *  FROM ads  WHERE active="1" ORDER BY views DESC  LIMIT 5
2022/02/24 21:45:14 SELECT *  FROM ads  WHERE id="10"
2022/02/24 21:45:14 SELECT *  FROM ads  WHERE id="11"
2022/02/24 21:45:14 SELECT *  FROM ads  WHERE id="14"
2022/02/24 21:45:14 SELECT *  FROM ads  WHERE id="13"
2022/02/24 21:45:14 SELECT *  FROM ads  WHERE active="1" ORDER BY id DESC  LIMIT 5
2022/02/24 21:45:14 SELECT *  FROM ads  WHERE id="14"
2022/02/24 21:45:14 SELECT *  FROM ads  WHERE id="13"
2022/02/24 21:45:14 SELECT *  FROM ads  WHERE id="11"
2022/02/24 21:45:14 SELECT *  FROM ads  WHERE id="10"
2022/02/24 21:45:14 SELECT *  FROM users  WHERE id="1"
2022/02/24 21:45:14 SELECT *  FROM cities  WHERE id="4"
2022/02/24 21:45:18 SELECT *  FROM users  WHERE id="1"
2022/02/24 21:45:18 SELECT *  FROM cities  WHERE id="4"
2022/02/24 21:45:25 SELECT *  FROM ads  WHERE active="1" ORDER BY views DESC  LIMIT 5
2022/02/24 21:45:25 SELECT *  FROM ads  WHERE id="10"
2022/02/24 21:45:25 SELECT *  FROM ads  WHERE id="11"
2022/02/24 21:45:25 SELECT *  FROM ads  WHERE id="14"
2022/02/24 21:45:25 SELECT *  FROM ads  WHERE id="13"
2022/02/24 21:45:25 SELECT *  FROM ads  WHERE active="1" ORDER BY id DESC  LIMIT 5
2022/02/24 21:45:25 SELECT *  FROM ads  WHERE id="14"
2022/02/24 21:45:25 SELECT *  FROM ads  WHERE id="13"
2022/02/24 21:45:25 SELECT *  FROM ads  WHERE id="11"
2022/02/24 21:45:25 SELECT *  FROM ads  WHERE id="10"
2022/02/24 21:45:26 SELECT *  FROM ads  WHERE active="1" ORDER BY views DESC  LIMIT 5
2022/02/24 21:45:26 SELECT *  FROM ads  WHERE id="10"
2022/02/24 21:45:26 SELECT *  FROM ads  WHERE id="11"
2022/02/24 21:45:26 SELECT *  FROM ads  WHERE id="14"
2022/02/24 21:45:26 SELECT *  FROM ads  WHERE id="13"
2022/02/24 21:45:26 SELECT *  FROM ads  WHERE active="1" ORDER BY id DESC  LIMIT 5
2022/02/24 21:45:26 SELECT *  FROM ads  WHERE id="14"
2022/02/24 21:45:26 SELECT *  FROM ads  WHERE id="13"
2022/02/24 21:45:26 SELECT *  FROM ads  WHERE id="11"
2022/02/24 21:45:26 SELECT *  FROM ads  WHERE id="10"
2022/02/24 21:47:06 SELECT id  FROM users  WHERE email="diena@in.lt" AND password="25d55ad283aa400af464c76d713c07ad" AND active="1"
2022/02/24 21:47:06 SELECT *  FROM users  WHERE id="1"
2022/02/24 21:47:06 SELECT *  FROM cities  WHERE id="4"
2022/02/24 21:47:06 SELECT *  FROM ads  WHERE active="1" ORDER BY views DESC  LIMIT 5
2022/02/24 21:47:06 SELECT *  FROM ads  WHERE id="10"
2022/02/24 21:47:06 SELECT *  FROM ads  WHERE id="11"
2022/02/24 21:47:06 SELECT *  FROM ads  WHERE id="14"
2022/02/24 21:47:06 SELECT *  FROM ads  WHERE id="13"
2022/02/24 21:47:06 SELECT *  FROM ads  WHERE active="1" ORDER BY id DESC  LIMIT 5
2022/02/24 21:47:06 SELECT *  FROM ads  WHERE id="14"
2022/02/24 21:47:06 SELECT *  FROM ads  WHERE id="13"
2022/02/24 21:47:06 SELECT *  FROM ads  WHERE id="11"
2022/02/24 21:47:06 SELECT *  FROM ads  WHERE id="10"
2022/02/24 21:47:06 SELECT *  FROM users  WHERE id="1"
2022/02/24 21:47:06 SELECT *  FROM cities  WHERE id="4"
2022/02/24 21:47:10 SELECT *  FROM users  WHERE id="1"
2022/02/24 21:47:10 SELECT *  FROM cities  WHERE id="4"
2022/02/24 21:47:14 SELECT *  FROM users  WHERE id="1"
2022/02/24 21:47:14 SELECT *  FROM cities  WHERE id="4"
2022/02/24 21:47:14 SELECT *  FROM ads  WHERE active="1"
2022/02/24 21:47:14 SELECT *  FROM ads  WHERE id="10"
2022/02/24 21:47:14 SELECT *  FROM ads  WHERE id="11"
2022/02/24 21:47:14 SELECT *  FROM ads  WHERE id="13"
2022/02/24 21:47:14 SELECT *  FROM ads  WHERE id="14"
2022/02/24 21:47:20 SELECT *  FROM users  WHERE id="1"
2022/02/24 21:47:20 SELECT *  FROM cities  WHERE id="4"
2022/02/24 21:47:20 SELECT id  FROM users 
2022/02/24 21:47:20 SELECT *  FROM users  WHERE id="1"
2022/02/24 21:47:20 SELECT *  FROM cities  WHERE id="4"
2022/02/24 21:47:26 SELECT *  FROM users  WHERE id="1"
2022/02/24 21:47:26 SELECT *  FROM cities  WHERE id="4"
2022/02/24 21:47:26 SELECT *  FROM users  WHERE id="1"
2022/02/24 21:47:26 SELECT *  FROM cities  WHERE id="4"
2022/02/24 21:47:26 SELECT *  FROM cities 
2022/02/24 21:47:26 SELECT *  FROM cities  WHERE id="1"
2022/02/24 21:47:26 SELECT *  FROM cities  WHERE id="2"
2022/02/24 21:47:26 SELECT *  FROM cities  WHERE id="3"
2022/02/24 21:47:26 SELECT *  FROM cities  WHERE id="4"
2022/02/24 21:47:26 SELECT *  FROM cities  WHERE id="5"
2022/02/24 21:47:30 SELECT *  FROM users  WHERE id="1"
2022/02/24 21:47:30 SELECT *  FROM cities  WHERE id="4"
2022/02/24 21:47:30 SELECT id  FROM users 
2022/02/24 21:47:30 SELECT *  FROM users  WHERE id="1"
2022/02/24 21:47:30 SELECT *  FROM cities  WHERE id="4"
2022/02/24 21:53:10 SELECT *  FROM cities 
2022/02/24 21:53:10 SELECT *  FROM cities  WHERE id="1"
2022/02/24 21:53:10 SELECT *  FROM cities  WHERE id="2"
2022/02/24 21:53:10 SELECT *  FROM cities  WHERE id="3"
2022/02/24 21:53:10 SELECT *  FROM cities  WHERE id="4"
2022/02/24 21:53:10 SELECT *  FROM cities  WHERE id="5"
2022/02/24 21:53:10 SELECT *  FROM users  WHERE id="1"
2022/02/24 21:53:10 SELECT *  FROM cities  WHERE id="4"
2022/02/24 21:53:34 SELECT *  FROM users  WHERE email="53435///2@ghf"
2022/02/24 21:53:34 INSERT INTO  (name,last_name,email,password,phone,city_id,active,role_id)
             VALUES ("53434","53453453","53435///2@ghf","e10adc3949ba59abbe56e057f20f883e","453453543","1","1","0")
2022/02/24 21:53:47 SELECT *  FROM cities 
2022/02/24 21:53:47 SELECT *  FROM cities  WHERE id="1"
2022/02/24 21:53:47 SELECT *  FROM cities  WHERE id="2"
2022/02/24 21:53:47 SELECT *  FROM cities  WHERE id="3"
2022/02/24 21:53:47 SELECT *  FROM cities  WHERE id="4"
2022/02/24 21:53:47 SELECT *  FROM cities  WHERE id="5"
2022/02/24 21:53:47 SELECT *  FROM users  WHERE id="1"
2022/02/24 21:53:47 SELECT *  FROM cities  WHERE id="4"
2022/02/24 21:54:37 SELECT *  FROM users  WHERE email="5g@fu.cu"
2022/02/24 21:54:37 INSERT INTO  (name,last_name,email,password,phone,city_id,active,role_id)
             VALUES ("fgfgfgfgf","llllllllllllilililililililili","5g@fu.cu","b9c6e016fb8bf665bb344a217150fa69","555555555","1","1","0")
2022/02/24 22:02:07 SELECT *  FROM cities 
2022/02/24 22:02:07 SELECT *  FROM cities  WHERE id="1"
2022/02/24 22:02:07 SELECT *  FROM cities  WHERE id="2"
2022/02/24 22:02:07 SELECT *  FROM cities  WHERE id="3"
2022/02/24 22:02:07 SELECT *  FROM cities  WHERE id="4"
2022/02/24 22:02:07 SELECT *  FROM cities  WHERE id="5"
2022/02/24 22:02:07 SELECT *  FROM users  WHERE id="1"
2022/02/24 22:02:07 SELECT *  FROM cities  WHERE id="4"
2022/02/24 22:02:21 SELECT *  FROM users  WHERE id="1"
2022/02/24 22:02:21 SELECT *  FROM cities  WHERE id="4"
2022/02/24 22:04:27 SELECT *  FROM ads  WHERE slug="fiat-124"
2022/02/24 22:04:27 INSERT INTO ads (title,description,manufacturer_id,model_id,price,year,type_id,user_id,image,active,slug,vin,views)
             VALUES ("FIAT 124","italiskas","1","1","5000","1977","1","1","https://upload.wikimedia.org/wikipedia/commons/7/7a/Fiat124Luc106.jpg","1","fiat-124","222222222222124","0")
2022/02/24 22:13:08 SELECT *  FROM users  WHERE id="1"
2022/02/24 22:13:08 SELECT *  FROM cities  WHERE id="4"
2022/02/24 22:14:00 SELECT *  FROM ads  WHERE slug="opel-kadett-a-"
2022/02/24 22:14:00 INSERT INTO ads (title,description,manufacturer_id,model_id,price,year,type_id,user_id,image,active,slug,vin,views)
             VALUES ("Opel Kadett A ","moskvekas","1","1","50000","1974","1","1","http://www.prim.lt/uploads/img/collage12_custom.jpg","1","opel-kadett-a-","13213213213213","0")
2022/02/24 22:14:22 SELECT *  FROM users  WHERE id="1"
2022/02/24 22:14:22 SELECT *  FROM cities  WHERE id="4"
2022/02/24 22:14:24 SELECT count(*)  FROM ads  WHERE active="1"
2022/02/24 22:14:24 SELECT *  FROM ads  WHERE active="1" LIMIT 2
2022/02/24 22:14:24 SELECT *  FROM ads  WHERE id="10"
2022/02/24 22:14:24 SELECT *  FROM ads  WHERE id="11"
2022/02/24 22:14:24 SELECT *  FROM users  WHERE id="1"
2022/02/24 22:14:24 SELECT *  FROM cities  WHERE id="4"
2022/02/24 22:14:27 SELECT count(*)  FROM ads  WHERE active="1"
2022/02/24 22:14:27 SELECT *  FROM ads  WHERE active="1" LIMIT 2 OFFSET 2 
2022/02/24 22:14:27 SELECT *  FROM ads  WHERE id="13"
2022/02/24 22:14:27 SELECT *  FROM ads  WHERE id="14"
2022/02/24 22:14:27 SELECT *  FROM users  WHERE id="1"
2022/02/24 22:14:27 SELECT *  FROM cities  WHERE id="4"
2022/02/24 22:14:30 SELECT count(*)  FROM ads  WHERE active="1"
2022/02/24 22:14:30 SELECT *  FROM ads  WHERE active="1" LIMIT 2 OFFSET 4 
2022/02/24 22:14:30 SELECT *  FROM ads  WHERE id="15"
2022/02/24 22:14:30 SELECT *  FROM ads  WHERE id="16"
2022/02/24 22:14:30 SELECT *  FROM users  WHERE id="1"
2022/02/24 22:14:30 SELECT *  FROM cities  WHERE id="4"
2022/02/24 22:15:44 SELECT *  FROM users  WHERE id="1"
2022/02/24 22:15:44 SELECT *  FROM cities  WHERE id="4"
2022/02/24 22:16:46 SELECT *  FROM ads  WHERE slug="ford-falcon"
2022/02/24 22:16:46 INSERT INTO ads (title,description,manufacturer_id,model_id,price,year,type_id,user_id,image,active,slug,vin,views)
             VALUES ("Ford Falcon","Volga","1","1","5000","1970","1","1","https://img.hmn.com/fit-in/900x506/filters:upscale()/stories/2013/10/1962FordFalcon_01_700.jpg","1","ford-falcon","53453543453453","0")
2022/02/24 22:16:48 SELECT *  FROM users  WHERE id="1"
2022/02/24 22:16:48 SELECT *  FROM cities  WHERE id="4"
2022/02/24 22:18:38 SELECT *  FROM ads  WHERE slug="simca-chrysler-1970"
2022/02/24 22:18:38 INSERT INTO ads (title,description,manufacturer_id,model_id,price,year,type_id,user_id,image,active,slug,vin,views)
             VALUES ("simca chrysler 1970","Dar vienas Moskvekas","1","1","315555","1970","1","1","https://autocart.biz/wp-content/uploads/imgp/Chrysler-simca-4-2704.jpg","1","simca-chrysler-1970","26165165165","0")
2022/02/24 22:21:13 SELECT *  FROM users  WHERE id="1"
2022/02/24 22:21:13 SELECT *  FROM cities  WHERE id="4"
2022/02/24 22:22:01 SELECT *  FROM ads  WHERE slug="ford-mainline-"
2022/02/24 22:22:01 INSERT INTO ads (title,description,manufacturer_id,model_id,price,year,type_id,user_id,image,active,slug,vin,views)
             VALUES ("Ford Mainline ","volga","1","1","5000","1970","1","1","https://images.cadar.io/b97d017f-b6a1-43fa-96dc-095d6612060a/full.jpg","1","ford-mainline-","56566564","0")
2022/02/24 22:23:13 SELECT *  FROM users  WHERE id="1"
2022/02/24 22:23:13 SELECT *  FROM cities  WHERE id="4"
2022/02/24 22:25:21 SELECT *  FROM ads  WHERE slug="packard-patrician"
2022/02/24 22:25:21 INSERT INTO ads (title,description,manufacturer_id,model_id,price,year,type_id,user_id,image,active,slug,vin,views)
             VALUES ("Packard Patrician","Ciayka","1","1","600000","1970","1","1","https://i.pinimg.com/originals/48/35/35/483535af2d32f0dce377084e1159399e.png","1","packard-patrician","53345345345354","0")
2022/02/24 22:25:53 SELECT *  FROM users  WHERE id="1"
2022/02/24 22:25:53 SELECT *  FROM cities  WHERE id="4"
2022/02/24 22:25:55 SELECT count(*)  FROM ads  WHERE active="1"
2022/02/24 22:25:55 SELECT *  FROM ads  WHERE active="1" LIMIT 2
2022/02/24 22:25:55 SELECT *  FROM ads  WHERE id="14"
2022/02/24 22:25:55 SELECT *  FROM ads  WHERE id="15"
2022/02/24 22:25:55 SELECT *  FROM users  WHERE id="1"
2022/02/24 22:25:55 SELECT *  FROM cities  WHERE id="4"
2022/02/24 22:25:57 SELECT *  FROM users  WHERE id="1"
2022/02/24 22:25:57 SELECT *  FROM cities  WHERE id="4"
2022/02/24 22:25:58 SELECT count(*)  FROM ads  WHERE active="1"
2022/02/24 22:25:58 SELECT *  FROM ads  WHERE active="1" LIMIT 2
2022/02/24 22:25:58 SELECT *  FROM ads  WHERE id="14"
2022/02/24 22:25:58 SELECT *  FROM ads  WHERE id="15"
2022/02/24 22:25:58 SELECT *  FROM users  WHERE id="1"
2022/02/24 22:25:58 SELECT *  FROM cities  WHERE id="4"
2022/02/24 22:26:04 SELECT count(*)  FROM ads  WHERE active="1"
2022/02/24 22:26:04 SELECT *  FROM ads  WHERE active="1" LIMIT 2 OFFSET 2 
2022/02/24 22:26:04 SELECT *  FROM ads  WHERE id="16"
2022/02/24 22:26:04 SELECT *  FROM ads  WHERE id="17"
2022/02/24 22:26:04 SELECT *  FROM users  WHERE id="1"
2022/02/24 22:26:04 SELECT *  FROM cities  WHERE id="4"
2022/02/24 22:26:07 SELECT count(*)  FROM ads  WHERE active="1"
2022/02/24 22:26:07 SELECT *  FROM ads  WHERE active="1" LIMIT 2
2022/02/24 22:26:07 SELECT *  FROM ads  WHERE id="14"
2022/02/24 22:26:07 SELECT *  FROM ads  WHERE id="15"
2022/02/24 22:26:07 SELECT *  FROM users  WHERE id="1"
2022/02/24 22:26:07 SELECT *  FROM cities  WHERE id="4"
2022/02/24 22:26:09 SELECT *  FROM users  WHERE id="1"
2022/02/24 22:26:09 SELECT *  FROM cities  WHERE id="4"
2022/02/24 22:26:11 SELECT count(*)  FROM ads  WHERE active="1"
2022/02/24 22:26:11 SELECT *  FROM ads  WHERE active="1" LIMIT 2
2022/02/24 22:26:11 SELECT *  FROM ads  WHERE id="14"
2022/02/24 22:26:11 SELECT *  FROM ads  WHERE id="15"
2022/02/24 22:26:11 SELECT *  FROM users  WHERE id="1"
2022/02/24 22:26:11 SELECT *  FROM cities  WHERE id="4"
2022/02/24 22:26:21 SELECT count(*)  FROM ads  WHERE active="1"
2022/02/24 22:26:21 SELECT *  FROM ads  WHERE active="1" LIMIT 2
2022/02/24 22:26:21 SELECT *  FROM ads  WHERE id="14"
2022/02/24 22:26:21 SELECT *  FROM ads  WHERE id="15"
2022/02/24 22:26:21 SELECT *  FROM users  WHERE id="1"
2022/02/24 22:26:21 SELECT *  FROM cities  WHERE id="4"
2022/02/24 22:26:27 SELECT count(*)  FROM ads  WHERE active="1"
2022/02/24 22:26:27 SELECT *  FROM ads  WHERE active="1" LIMIT 2 OFFSET 2 
2022/02/24 22:26:27 SELECT *  FROM ads  WHERE id="16"
2022/02/24 22:26:27 SELECT *  FROM ads  WHERE id="17"
2022/02/24 22:26:27 SELECT *  FROM users  WHERE id="1"
2022/02/24 22:26:27 SELECT *  FROM cities  WHERE id="4"
2022/02/24 22:26:35 SELECT *  FROM ads  WHERE slug="opel-kadett-a-"
2022/02/24 22:26:35 SELECT *  FROM ads  WHERE id="16"
2022/02/24 22:26:35 UPDATE ads SET title = 'Opel Kadett A ',description = 'moskvekas',manufacturer_id = '1',model_id = '1',price = '50000',year = '1974',type_id = '1',user_id = '1',image = 'http://www.prim.lt/uploads/img/collage12_custom.jpg',active = '1',slug = 'opel-kadett-a-',vin = '13213213213213',views = '1' WHERE id="16"
2022/02/24 22:26:36 SELECT *  FROM users  WHERE id="1"
2022/02/24 22:26:36 SELECT *  FROM cities  WHERE id="4"
2022/02/24 22:26:52 SELECT count(*)  FROM ads  WHERE active="1"
2022/02/24 22:26:52 SELECT *  FROM ads  WHERE active="1" LIMIT 2 OFFSET 2 
2022/02/24 22:26:52 SELECT *  FROM ads  WHERE id="16"
2022/02/24 22:26:52 SELECT *  FROM ads  WHERE id="17"
2022/02/24 22:26:52 SELECT *  FROM users  WHERE id="1"
2022/02/24 22:26:52 SELECT *  FROM cities  WHERE id="4"
2022/02/24 22:26:56 SELECT count(*)  FROM ads  WHERE active="1"
2022/02/24 22:26:56 SELECT *  FROM ads  WHERE active="1" LIMIT 2 OFFSET 4 
2022/02/24 22:26:56 SELECT *  FROM ads  WHERE id="18"
2022/02/24 22:26:56 SELECT *  FROM ads  WHERE id="19"
2022/02/24 22:26:56 SELECT *  FROM users  WHERE id="1"
2022/02/24 22:26:56 SELECT *  FROM cities  WHERE id="4"
2022/02/24 22:27:01 SELECT count(*)  FROM ads  WHERE active="1"
2022/02/24 22:27:01 SELECT *  FROM ads  WHERE active="1" LIMIT 2 OFFSET 4 
2022/02/24 22:27:01 SELECT *  FROM ads  WHERE id="18"
2022/02/24 22:27:01 SELECT *  FROM ads  WHERE id="19"
2022/02/24 22:27:01 SELECT *  FROM users  WHERE id="1"
2022/02/24 22:27:01 SELECT *  FROM cities  WHERE id="4"
2022/02/24 22:27:04 SELECT count(*)  FROM ads  WHERE active="1"
2022/02/24 22:27:04 SELECT *  FROM ads  WHERE active="1" LIMIT 2 OFFSET 2 
2022/02/24 22:27:04 SELECT *  FROM ads  WHERE id="16"
2022/02/24 22:27:04 SELECT *  FROM ads  WHERE id="17"
2022/02/24 22:27:04 SELECT *  FROM users  WHERE id="1"
2022/02/24 22:27:04 SELECT *  FROM cities  WHERE id="4"
2022/02/24 22:27:09 SELECT count(*)  FROM ads  WHERE active="1"
2022/02/24 22:27:09 SELECT *  FROM ads  WHERE active="1" LIMIT 2
2022/02/24 22:27:09 SELECT *  FROM ads  WHERE id="14"
2022/02/24 22:27:09 SELECT *  FROM ads  WHERE id="15"
2022/02/24 22:27:09 SELECT *  FROM users  WHERE id="1"
2022/02/24 22:27:09 SELECT *  FROM cities  WHERE id="4"
2022/02/24 22:27:12 SELECT count(*)  FROM ads  WHERE active="1"
2022/02/24 22:27:12 SELECT *  FROM ads  WHERE active="1" LIMIT 2 OFFSET 2 
2022/02/24 22:27:12 SELECT *  FROM ads  WHERE id="16"
2022/02/24 22:27:12 SELECT *  FROM ads  WHERE id="17"
2022/02/24 22:27:12 SELECT *  FROM users  WHERE id="1"
2022/02/24 22:27:12 SELECT *  FROM cities  WHERE id="4"
2022/02/24 22:28:46 SELECT count(*)  FROM ads  WHERE active="1"
2022/02/24 22:28:46 SELECT *  FROM ads  WHERE active="1" LIMIT 2 OFFSET 2 
2022/02/24 22:28:46 SELECT *  FROM ads  WHERE id="16"
2022/02/24 22:28:46 SELECT *  FROM ads  WHERE id="17"
2022/02/24 22:28:46 SELECT *  FROM users  WHERE id="1"
2022/02/24 22:28:46 SELECT *  FROM cities  WHERE id="4"
2022/02/24 22:28:58 SELECT count(*)  FROM ads  WHERE active="1"
2022/02/24 22:28:58 SELECT *  FROM ads  WHERE active="1" LIMIT 2
2022/02/24 22:28:58 SELECT *  FROM ads  WHERE id="14"
2022/02/24 22:28:58 SELECT *  FROM ads  WHERE id="15"
2022/02/24 22:28:58 SELECT *  FROM users  WHERE id="1"
2022/02/24 22:28:58 SELECT *  FROM cities  WHERE id="4"
2022/02/24 22:29:01 SELECT count(*)  FROM ads  WHERE active="1"
2022/02/24 22:29:01 SELECT *  FROM ads  WHERE active="1" LIMIT 2 OFFSET 2 
2022/02/24 22:29:01 SELECT *  FROM ads  WHERE id="16"
2022/02/24 22:29:01 SELECT *  FROM ads  WHERE id="17"
2022/02/24 22:29:01 SELECT *  FROM users  WHERE id="1"
2022/02/24 22:29:01 SELECT *  FROM cities  WHERE id="4"
2022/02/24 22:29:07 SELECT count(*)  FROM ads  WHERE active="1"
2022/02/24 22:29:07 SELECT *  FROM ads  WHERE active="1" LIMIT 2 OFFSET 6 
2022/02/24 22:29:07 SELECT *  FROM ads  WHERE id="20"
2022/02/24 22:29:07 SELECT *  FROM users  WHERE id="1"
2022/02/24 22:29:07 SELECT *  FROM cities  WHERE id="4"
2022/02/24 22:29:16 SELECT *  FROM ads  WHERE active="1" ORDER BY views DESC  LIMIT 5
2022/02/24 22:29:16 SELECT *  FROM ads  WHERE id="14"
2022/02/24 22:29:16 SELECT *  FROM ads  WHERE id="16"
2022/02/24 22:29:16 SELECT *  FROM ads  WHERE id="15"
2022/02/24 22:29:16 SELECT *  FROM ads  WHERE id="17"
2022/02/24 22:29:16 SELECT *  FROM ads  WHERE id="18"
2022/02/24 22:29:16 SELECT *  FROM ads  WHERE active="1" ORDER BY id DESC  LIMIT 5
2022/02/24 22:29:16 SELECT *  FROM ads  WHERE id="20"
2022/02/24 22:29:16 SELECT *  FROM ads  WHERE id="19"
2022/02/24 22:29:16 SELECT *  FROM ads  WHERE id="18"
2022/02/24 22:29:16 SELECT *  FROM ads  WHERE id="17"
2022/02/24 22:29:16 SELECT *  FROM ads  WHERE id="16"
2022/02/24 22:29:16 SELECT *  FROM users  WHERE id="1"
2022/02/24 22:29:16 SELECT *  FROM cities  WHERE id="4"
2022/02/24 22:29:20 SELECT count(*)  FROM ads  WHERE active="1"
2022/02/24 22:29:20 SELECT *  FROM ads  WHERE active="1" LIMIT 2
2022/02/24 22:29:20 SELECT *  FROM ads  WHERE id="14"
2022/02/24 22:29:20 SELECT *  FROM ads  WHERE id="15"
2022/02/24 22:29:20 SELECT *  FROM users  WHERE id="1"
2022/02/24 22:29:20 SELECT *  FROM cities  WHERE id="4"
2022/02/24 22:29:23 SELECT *  FROM users  WHERE id="1"
2022/02/24 22:29:23 SELECT *  FROM cities  WHERE id="4"
2022/02/27 0:05:07 SELECT *  FROM ads  WHERE active="1" ORDER BY views DESC  LIMIT 5
2022/02/27 0:05:07 SELECT *  FROM ads  WHERE id="14"
2022/02/27 0:05:07 SELECT *  FROM ads  WHERE id="16"
2022/02/27 0:05:07 SELECT *  FROM ads  WHERE id="15"
2022/02/27 0:05:07 SELECT *  FROM ads  WHERE id="17"
2022/02/27 0:05:07 SELECT *  FROM ads  WHERE id="18"
2022/02/27 0:05:07 SELECT *  FROM ads  WHERE active="1" ORDER BY id DESC  LIMIT 5
2022/02/27 0:05:07 SELECT *  FROM ads  WHERE id="20"
2022/02/27 0:05:07 SELECT *  FROM ads  WHERE id="19"
2022/02/27 0:05:07 SELECT *  FROM ads  WHERE id="18"
2022/02/27 0:05:07 SELECT *  FROM ads  WHERE id="17"
2022/02/27 0:05:07 SELECT *  FROM ads  WHERE id="16"
2022/02/27 0:05:15 SELECT *  FROM ads  WHERE active="1" ORDER BY views DESC  LIMIT 5
2022/02/27 0:05:15 SELECT *  FROM ads  WHERE id="14"
2022/02/27 0:05:15 SELECT *  FROM ads  WHERE id="16"
2022/02/27 0:05:15 SELECT *  FROM ads  WHERE id="15"
2022/02/27 0:05:15 SELECT *  FROM ads  WHERE id="17"
2022/02/27 0:05:15 SELECT *  FROM ads  WHERE id="18"
2022/02/27 0:05:15 SELECT *  FROM ads  WHERE active="1" ORDER BY id DESC  LIMIT 5
2022/02/27 0:05:15 SELECT *  FROM ads  WHERE id="20"
2022/02/27 0:05:15 SELECT *  FROM ads  WHERE id="19"
2022/02/27 0:05:15 SELECT *  FROM ads  WHERE id="18"
2022/02/27 0:05:15 SELECT *  FROM ads  WHERE id="17"
2022/02/27 0:05:15 SELECT *  FROM ads  WHERE id="16"
2022/02/27 0:05:17 SELECT count(*)  FROM ads  WHERE active="1"
2022/02/27 0:05:17 SELECT *  FROM ads  WHERE active="1" LIMIT 2
2022/02/27 0:05:17 SELECT *  FROM ads  WHERE id="14"
2022/02/27 0:05:17 SELECT *  FROM ads  WHERE id="15"
2022/02/27 0:05:21 SELECT count(*)  FROM ads  WHERE active="1"
2022/02/27 0:05:21 SELECT *  FROM ads  WHERE active="1" LIMIT 2 OFFSET 2 
2022/02/27 0:05:21 SELECT *  FROM ads  WHERE id="16"
2022/02/27 0:05:21 SELECT *  FROM ads  WHERE id="17"
2022/02/27 0:05:25 SELECT count(*)  FROM ads  WHERE active="1"
2022/02/27 0:05:25 SELECT *  FROM ads  WHERE active="1" LIMIT 2 OFFSET 6 
2022/02/27 0:05:25 SELECT *  FROM ads  WHERE id="20"
2022/02/27 0:05:57 SELECT id  FROM users  WHERE email="diena@in.lt" AND password="25d55ad283aa400af464c76d713c07ad" AND active="1"
2022/02/27 0:05:57 SELECT *  FROM users  WHERE id="1"
2022/02/27 0:05:57 SELECT *  FROM cities  WHERE id="4"
2022/02/27 0:05:57 SELECT *  FROM ads  WHERE active="1" ORDER BY views DESC  LIMIT 5
2022/02/27 0:05:57 SELECT *  FROM ads  WHERE id="14"
2022/02/27 0:05:57 SELECT *  FROM ads  WHERE id="16"
2022/02/27 0:05:57 SELECT *  FROM ads  WHERE id="15"
2022/02/27 0:05:57 SELECT *  FROM ads  WHERE id="17"
2022/02/27 0:05:57 SELECT *  FROM ads  WHERE id="18"
2022/02/27 0:05:57 SELECT *  FROM ads  WHERE active="1" ORDER BY id DESC  LIMIT 5
2022/02/27 0:05:57 SELECT *  FROM ads  WHERE id="20"
2022/02/27 0:05:57 SELECT *  FROM ads  WHERE id="19"
2022/02/27 0:05:57 SELECT *  FROM ads  WHERE id="18"
2022/02/27 0:05:57 SELECT *  FROM ads  WHERE id="17"
2022/02/27 0:05:57 SELECT *  FROM ads  WHERE id="16"
2022/02/27 0:05:57 SELECT *  FROM users  WHERE id="1"
2022/02/27 0:05:57 SELECT *  FROM cities  WHERE id="4"
2022/02/27 0:05:59 SELECT *  FROM users  WHERE id="1"
2022/02/27 0:05:59 SELECT *  FROM cities  WHERE id="4"
2022/02/27 0:06:01 SELECT *  FROM users  WHERE id="1"
2022/02/27 0:06:01 SELECT *  FROM cities  WHERE id="4"
2022/02/27 0:06:01 SELECT id  FROM users 
2022/02/27 0:06:01 SELECT *  FROM users  WHERE id="1"
2022/02/27 0:06:01 SELECT *  FROM cities  WHERE id="4"
2022/02/27 0:06:04 SELECT *  FROM users  WHERE id="1"
2022/02/27 0:06:04 SELECT *  FROM cities  WHERE id="4"
2022/02/27 0:06:04 SELECT *  FROM ads  WHERE active="1"
2022/02/27 0:06:04 SELECT *  FROM ads  WHERE id="14"
2022/02/27 0:06:04 SELECT *  FROM ads  WHERE id="15"
2022/02/27 0:06:04 SELECT *  FROM ads  WHERE id="16"
2022/02/27 0:06:04 SELECT *  FROM ads  WHERE id="17"
2022/02/27 0:06:04 SELECT *  FROM ads  WHERE id="18"
2022/02/27 0:06:04 SELECT *  FROM ads  WHERE id="19"
2022/02/27 0:06:04 SELECT *  FROM ads  WHERE id="20"
2022/02/27 0:06:46 SELECT *  FROM ads  WHERE active="1" ORDER BY views DESC  LIMIT 5
2022/02/27 0:06:46 SELECT *  FROM ads  WHERE id="14"
2022/02/27 0:06:46 SELECT *  FROM ads  WHERE id="16"
2022/02/27 0:06:46 SELECT *  FROM ads  WHERE id="15"
2022/02/27 0:06:46 SELECT *  FROM ads  WHERE id="17"
2022/02/27 0:06:46 SELECT *  FROM ads  WHERE id="18"
2022/02/27 0:06:46 SELECT *  FROM ads  WHERE active="1" ORDER BY id DESC  LIMIT 5
2022/02/27 0:06:46 SELECT *  FROM ads  WHERE id="20"
2022/02/27 0:06:46 SELECT *  FROM ads  WHERE id="19"
2022/02/27 0:06:46 SELECT *  FROM ads  WHERE id="18"
2022/02/27 0:06:46 SELECT *  FROM ads  WHERE id="17"
2022/02/27 0:06:46 SELECT *  FROM ads  WHERE id="16"
2022/02/27 0:06:46 SELECT *  FROM users  WHERE id="1"
2022/02/27 0:06:46 SELECT *  FROM cities  WHERE id="4"
2022/02/28 17:59:51 SELECT *  FROM ads  WHERE active="1" ORDER BY views DESC  LIMIT 5
2022/02/28 17:59:51 SELECT *  FROM ads  WHERE id="14"
2022/02/28 17:59:51 SELECT *  FROM ads  WHERE id="16"
2022/02/28 17:59:51 SELECT *  FROM ads  WHERE id="15"
2022/02/28 17:59:51 SELECT *  FROM ads  WHERE id="17"
2022/02/28 17:59:51 SELECT *  FROM ads  WHERE id="18"
2022/02/28 17:59:51 SELECT *  FROM ads  WHERE active="1" ORDER BY id DESC  LIMIT 5
2022/02/28 17:59:51 SELECT *  FROM ads  WHERE id="20"
2022/02/28 17:59:51 SELECT *  FROM ads  WHERE id="19"
2022/02/28 17:59:51 SELECT *  FROM ads  WHERE id="18"
2022/02/28 17:59:51 SELECT *  FROM ads  WHERE id="17"
2022/02/28 17:59:51 SELECT *  FROM ads  WHERE id="16"
2022/02/28 17:59:55 SELECT count(*)  FROM ads  WHERE active="1"
2022/02/28 17:59:55 SELECT *  FROM ads  WHERE active="1" LIMIT 2
2022/02/28 17:59:55 SELECT *  FROM ads  WHERE id="14"
2022/02/28 17:59:55 SELECT *  FROM ads  WHERE id="15"
2022/02/28 18:00:02 SELECT count(*)  FROM ads  WHERE active="1"
2022/02/28 18:00:02 SELECT *  FROM ads  WHERE active="1" LIMIT 2 OFFSET 2 
2022/02/28 18:00:02 SELECT *  FROM ads  WHERE id="16"
2022/02/28 18:00:02 SELECT *  FROM ads  WHERE id="17"
2022/02/28 18:00:10 SELECT count(*)  FROM ads  WHERE active="1"
2022/02/28 18:00:10 SELECT *  FROM ads  WHERE active="1" LIMIT 2 OFFSET 6 
2022/02/28 18:00:10 SELECT *  FROM ads  WHERE id="20"
2022/02/28 18:00:15 SELECT count(*)  FROM ads  WHERE active="1"
2022/02/28 18:00:15 SELECT *  FROM ads  WHERE active="1" LIMIT 2 OFFSET 4 
2022/02/28 18:00:15 SELECT *  FROM ads  WHERE id="18"
2022/02/28 18:00:15 SELECT *  FROM ads  WHERE id="19"
2022/02/28 18:00:23 SELECT count(*)  FROM ads  WHERE active="1"
2022/02/28 18:00:23 SELECT *  FROM ads  WHERE active="1" LIMIT 2 OFFSET 2 
2022/02/28 18:00:23 SELECT *  FROM ads  WHERE id="16"
2022/02/28 18:00:23 SELECT *  FROM ads  WHERE id="17"
2022/02/28 18:00:27 SELECT count(*)  FROM ads  WHERE active="1"
2022/02/28 18:00:27 SELECT *  FROM ads  WHERE active="1" LIMIT 2
2022/02/28 18:00:27 SELECT *  FROM ads  WHERE id="14"
2022/02/28 18:00:27 SELECT *  FROM ads  WHERE id="15"
